2024-11-02 07:29:16,534 INFO [RMI TCP Connection(8)-127.0.0.1] o.s.b.a.SpringApplicationAdminMXBeanRegistrar$SpringApplicationAdmin [SpringApplicationAdminMXBeanRegistrar.java:159] 
Application shutdown requested.
2024-11-02 07:29:16,542 DEBUG [RMI TCP Connection(8)-127.0.0.1] o.s.b.a.ApplicationAvailabilityBean [ApplicationAvailabilityBean.java:77] 
Application availability state ReadinessState changed from ACCEPTING_TRAFFIC to REFUSING_TRAFFIC
2024-11-02 07:29:16,542 DEBUG [RMI TCP Connection(8)-127.0.0.1] o.s.b.w.s.c.AnnotationConfigServletWebServerApplicationContext [AbstractApplicationContext.java:1049] 
Closing org.springframework.boot.web.servlet.context.AnnotationConfigServletWebServerApplicationContext@2f058b8a, started on Sat Nov 02 07:28:45 GST 2024
2024-11-02 07:29:16,545 DEBUG [RMI TCP Connection(8)-127.0.0.1] o.s.c.s.DefaultLifecycleProcessor [DefaultLifecycleProcessor.java:365] 
Stopping beans in phase 2147483647
2024-11-02 07:29:16,546 DEBUG [RMI TCP Connection(8)-127.0.0.1] o.s.c.s.DefaultLifecycleProcessor [DefaultLifecycleProcessor.java:238] 
Bean 'webServerGracefulShutdown' completed its stop procedure
2024-11-02 07:29:16,546 DEBUG [RMI TCP Connection(8)-127.0.0.1] o.s.c.s.DefaultLifecycleProcessor [DefaultLifecycleProcessor.java:365] 
Stopping beans in phase 2147483646
2024-11-02 07:29:16,653 INFO [RMI TCP Connection(8)-127.0.0.1] o.a.c.h.Http11NioProtocol [DirectJDKLog.java:173] 
Pausing ProtocolHandler ["http-nio-9990"]
2024-11-02 07:29:16,659 INFO [RMI TCP Connection(8)-127.0.0.1] o.a.c.c.StandardService [DirectJDKLog.java:173] 
Stopping service [Tomcat]
2024-11-02 07:29:16,711 WARN [RMI TCP Connection(8)-127.0.0.1] o.a.c.l.WebappClassLoaderBase [DirectJDKLog.java:173] 
The web application [ROOT] appears to have started a thread named [logback-3] but has failed to stop it. This is very likely to create a memory leak. Stack trace of thread:
 java.base@11.0.10/jdk.internal.misc.Unsafe.park(Native Method)
 java.base@11.0.10/java.util.concurrent.locks.LockSupport.park(LockSupport.java:194)
 java.base@11.0.10/java.util.concurrent.locks.AbstractQueuedSynchronizer$ConditionObject.await(AbstractQueuedSynchronizer.java:2081)
 java.base@11.0.10/java.util.concurrent.ScheduledThreadPoolExecutor$DelayedWorkQueue.take(ScheduledThreadPoolExecutor.java:1170)
 java.base@11.0.10/java.util.concurrent.ScheduledThreadPoolExecutor$DelayedWorkQueue.take(ScheduledThreadPoolExecutor.java:899)
 java.base@11.0.10/java.util.concurrent.ThreadPoolExecutor.getTask(ThreadPoolExecutor.java:1054)
 java.base@11.0.10/java.util.concurrent.ThreadPoolExecutor.runWorker(ThreadPoolExecutor.java:1114)
 java.base@11.0.10/java.util.concurrent.ThreadPoolExecutor$Worker.run(ThreadPoolExecutor.java:628)
 java.base@11.0.10/java.lang.Thread.run(Thread.java:834)
2024-11-02 07:29:16,716 INFO [RMI TCP Connection(8)-127.0.0.1] o.a.c.h.Http11NioProtocol [DirectJDKLog.java:173] 
Stopping ProtocolHandler ["http-nio-9990"]
2024-11-02 07:29:16,725 INFO [RMI TCP Connection(8)-127.0.0.1] o.a.c.h.Http11NioProtocol [DirectJDKLog.java:173] 
Destroying ProtocolHandler ["http-nio-9990"]
2024-11-02 07:29:16,727 DEBUG [RMI TCP Connection(8)-127.0.0.1] o.s.c.s.DefaultLifecycleProcessor [DefaultLifecycleProcessor.java:238] 
Bean 'webServerStartStop' completed its stop procedure
2024-11-02 07:29:16,728 DEBUG [RMI TCP Connection(8)-127.0.0.1] o.s.c.s.DefaultLifecycleProcessor [DefaultLifecycleProcessor.java:365] 
Stopping beans in phase -2147483647
2024-11-02 07:29:16,728 DEBUG [RMI TCP Connection(8)-127.0.0.1] o.s.c.s.DefaultLifecycleProcessor [DefaultLifecycleProcessor.java:238] 
Bean 'springBootLoggingLifecycle' completed its stop procedure
2024-11-02 07:29:16,729 DEBUG [RMI TCP Connection(8)-127.0.0.1] o.s.j.e.a.AnnotationMBeanExporter [MBeanExporter.java:452] 
Unregistering JMX-exposed beans on shutdown
2024-11-02 07:29:16,730 DEBUG [RMI TCP Connection(8)-127.0.0.1] o.s.s.c.ThreadPoolTaskExecutor [ExecutorConfigurationSupport.java:218] 
Shutting down ExecutorService 'applicationTaskExecutor'
2024-11-02 07:30:39,145 DEBUG [main] o.s.t.c.BootstrapUtils [BootstrapUtils.java:108] 
Instantiating CacheAwareContextLoaderDelegate from class [org.springframework.test.context.cache.DefaultCacheAwareContextLoaderDelegate]
2024-11-02 07:30:39,156 DEBUG [main] o.s.t.c.BootstrapUtils [BootstrapUtils.java:88] 
Instantiating BootstrapContext using constructor [public org.springframework.test.context.support.DefaultBootstrapContext(java.lang.Class,org.springframework.test.context.CacheAwareContextLoaderDelegate)]
2024-11-02 07:30:39,217 DEBUG [main] o.s.t.c.BootstrapUtils [BootstrapUtils.java:143] 
Instantiating TestContextBootstrapper for test class [com.nws.api.NwsMiddlewareApplicationTests] from class [org.springframework.boot.test.context.SpringBootTestContextBootstrapper]
2024-11-02 07:30:39,231 INFO [main] o.s.b.t.c.SpringBootTestContextBootstrapper [AbstractTestContextBootstrapper.java:305] 
Neither @ContextConfiguration nor @ContextHierarchy found for test class [com.nws.api.NwsMiddlewareApplicationTests], using SpringBootContextLoader
2024-11-02 07:30:39,238 DEBUG [main] o.s.t.c.s.AbstractContextLoader [AbstractContextLoader.java:258] 
Did not detect default resource location for test class [com.nws.api.NwsMiddlewareApplicationTests]: class path resource [com/nws/api/NwsMiddlewareApplicationTests-context.xml] does not exist
2024-11-02 07:30:39,239 DEBUG [main] o.s.t.c.s.AbstractContextLoader [AbstractContextLoader.java:258] 
Did not detect default resource location for test class [com.nws.api.NwsMiddlewareApplicationTests]: class path resource [com/nws/api/NwsMiddlewareApplicationTestsContext.groovy] does not exist
2024-11-02 07:30:39,241 INFO [main] o.s.t.c.s.AbstractContextLoader [AbstractContextLoader.java:264] 
Could not detect default resource locations for test class [com.nws.api.NwsMiddlewareApplicationTests]: no resource found for suffixes {-context.xml, Context.groovy}.
2024-11-02 07:30:39,242 INFO [main] o.s.t.c.s.AnnotationConfigContextLoaderUtils [AnnotationConfigContextLoaderUtils.java:83] 
Could not detect default configuration classes for test class [com.nws.api.NwsMiddlewareApplicationTests]: NwsMiddlewareApplicationTests does not declare any static, non-private, non-final, nested classes annotated with @Configuration.
2024-11-02 07:30:39,380 DEBUG [main] o.s.t.c.s.ActiveProfilesUtils [ActiveProfilesUtils.java:80] 
Could not find an 'annotation declaring class' for annotation type [org.springframework.test.context.ActiveProfiles] and class [com.nws.api.NwsMiddlewareApplicationTests]
2024-11-02 07:30:39,459 DEBUG [main] o.s.c.a.ClassPathScanningCandidateComponentProvider [ClassPathScanningCandidateComponentProvider.java:435] 
Identified candidate component class: file [D:\allConfigData\NwsMiddleware_UAT\target\classes\com\nws\api\NwsMiddlewareApplication.class]
2024-11-02 07:30:39,461 INFO [main] o.s.b.t.c.SpringBootTestContextBootstrapper [SpringBootTestContextBootstrapper.java:239] 
Found @SpringBootConfiguration com.nws.api.NwsMiddlewareApplication for test class com.nws.api.NwsMiddlewareApplicationTests
2024-11-02 07:30:39,608 DEBUG [main] o.s.b.t.c.SpringBootTestContextBootstrapper [AbstractTestContextBootstrapper.java:124] 
@TestExecutionListeners is not present for class [com.nws.api.NwsMiddlewareApplicationTests]: using defaults.
2024-11-02 07:30:39,610 INFO [main] o.s.b.t.c.SpringBootTestContextBootstrapper [AbstractTestContextBootstrapper.java:245] 
Loaded default TestExecutionListener class names from location [META-INF/spring.factories]: [org.springframework.boot.test.mock.mockito.MockitoTestExecutionListener, org.springframework.boot.test.mock.mockito.ResetMocksTestExecutionListener, org.springframework.boot.test.autoconfigure.restdocs.RestDocsTestExecutionListener, org.springframework.boot.test.autoconfigure.web.client.MockRestServiceServerResetTestExecutionListener, org.springframework.boot.test.autoconfigure.web.servlet.MockMvcPrintOnlyOnFailureTestExecutionListener, org.springframework.boot.test.autoconfigure.web.servlet.WebDriverTestExecutionListener, org.springframework.boot.test.autoconfigure.webservices.client.MockWebServiceServerTestExecutionListener, org.springframework.test.context.web.ServletTestExecutionListener, org.springframework.test.context.support.DirtiesContextBeforeModesTestExecutionListener, org.springframework.test.context.event.ApplicationEventsTestExecutionListener, org.springframework.test.context.support.DependencyInjectionTestExecutionListener, org.springframework.test.context.support.DirtiesContextTestExecutionListener, org.springframework.test.context.transaction.TransactionalTestExecutionListener, org.springframework.test.context.jdbc.SqlScriptsTestExecutionListener, org.springframework.test.context.event.EventPublishingTestExecutionListener]
2024-11-02 07:30:39,658 DEBUG [main] o.s.b.t.c.SpringBootTestContextBootstrapper [AbstractTestContextBootstrapper.java:189] 
Skipping candidate TestExecutionListener [org.springframework.test.context.transaction.TransactionalTestExecutionListener] due to a missing dependency. Specify custom listener classes or make the default listener classes and their required dependencies available. Offending class: [org/springframework/transaction/interceptor/TransactionAttributeSource]
2024-11-02 07:30:39,660 DEBUG [main] o.s.b.t.c.SpringBootTestContextBootstrapper [AbstractTestContextBootstrapper.java:189] 
Skipping candidate TestExecutionListener [org.springframework.test.context.jdbc.SqlScriptsTestExecutionListener] due to a missing dependency. Specify custom listener classes or make the default listener classes and their required dependencies available. Offending class: [org/springframework/transaction/interceptor/TransactionAttribute]
2024-11-02 07:30:39,662 INFO [main] o.s.b.t.c.SpringBootTestContextBootstrapper [AbstractTestContextBootstrapper.java:174] 
Using TestExecutionListeners: [org.springframework.test.context.web.ServletTestExecutionListener@4a9f80d3, org.springframework.test.context.support.DirtiesContextBeforeModesTestExecutionListener@35beb15e, org.springframework.test.context.event.ApplicationEventsTestExecutionListener@41fe9859, org.springframework.boot.test.mock.mockito.MockitoTestExecutionListener@5ac86ba5, org.springframework.boot.test.autoconfigure.SpringBootDependencyInjectionTestExecutionListener@6c67e137, org.springframework.test.context.support.DirtiesContextTestExecutionListener@2c9399a4, org.springframework.test.context.event.EventPublishingTestExecutionListener@191ae03f, org.springframework.boot.test.mock.mockito.ResetMocksTestExecutionListener@9635fa, org.springframework.boot.test.autoconfigure.restdocs.RestDocsTestExecutionListener@53ab0286, org.springframework.boot.test.autoconfigure.web.client.MockRestServiceServerResetTestExecutionListener@63c5efee, org.springframework.boot.test.autoconfigure.web.servlet.MockMvcPrintOnlyOnFailureTestExecutionListener@2d10e0b1, org.springframework.boot.test.autoconfigure.web.servlet.WebDriverTestExecutionListener@1c98290c, org.springframework.boot.test.autoconfigure.webservices.client.MockWebServiceServerTestExecutionListener@172ca72b]
2024-11-02 07:30:39,667 DEBUG [main] o.s.t.c.s.AbstractDirtiesContextTestExecutionListener [AbstractDirtiesContextTestExecutionListener.java:143] 
Before test class: context [DefaultTestContext@5b6813df testClass = NwsMiddlewareApplicationTests, testInstance = [null], testMethod = [null], testException = [null], mergedContextConfiguration = [WebMergedContextConfiguration@5f2606b testClass = NwsMiddlewareApplicationTests, locations = '{}', classes = '{class com.nws.api.NwsMiddlewareApplication}', contextInitializerClasses = '[]', activeProfiles = '{}', propertySourceLocations = '{}', propertySourceProperties = '{org.springframework.boot.test.context.SpringBootTestContextBootstrapper=true}', contextCustomizers = set[org.springframework.boot.test.context.filter.ExcludeFilterContextCustomizer@77825085, org.springframework.boot.test.json.DuplicateJsonObjectContextCustomizerFactory$DuplicateJsonObjectContextCustomizer@294a6b8e, org.springframework.boot.test.mock.mockito.MockitoContextCustomizer@0, org.springframework.boot.test.web.client.TestRestTemplateContextCustomizer@66ac5762, org.springframework.boot.test.autoconfigure.actuate.metrics.MetricsExportContextCustomizerFactory$DisableMetricExportContextCustomizer@38831718, org.springframework.boot.test.autoconfigure.properties.PropertyMappingContextCustomizer@0, org.springframework.boot.test.autoconfigure.web.servlet.WebDriverContextCustomizerFactory$Customizer@46944ca9, org.springframework.boot.test.context.SpringBootTestArgs@1, org.springframework.boot.test.context.SpringBootTestWebEnvironment@5a63f509], resourceBasePath = 'src/main/webapp', contextLoader = 'org.springframework.boot.test.context.SpringBootContextLoader', parent = [null]], attributes = map['org.springframework.test.context.web.ServletTestExecutionListener.activateListener' -> true]], class annotated with @DirtiesContext [false] with mode [null].
2024-11-02 07:30:40,210 INFO [main] c.n.a.NwsMiddlewareApplicationTests [StartupInfoLogger.java:55] 
Starting NwsMiddlewareApplicationTests using Java 11.0.10 on DIAM-ITAMIDWARE with PID 21984 (started by PAMIDMGMT in D:\allConfigData\NwsMiddleware_UAT)
2024-11-02 07:30:40,211 DEBUG [main] c.n.a.NwsMiddlewareApplicationTests [StartupInfoLogger.java:56] 
Running with Spring Boot v2.7.9, Spring v5.3.25
2024-11-02 07:30:40,212 INFO [main] c.n.a.NwsMiddlewareApplicationTests [SpringApplication.java:631] 
No active profile set, falling back to 1 default profile: "default"
2024-11-02 07:30:40,214 DEBUG [main] o.s.b.SpringApplication [SpringApplication.java:664] 
Loading source class com.nws.api.NwsMiddlewareApplication
2024-11-02 07:30:40,292 DEBUG [main] o.s.w.c.s.GenericWebApplicationContext [AbstractApplicationContext.java:629] 
Refreshing org.springframework.web.context.support.GenericWebApplicationContext@367795c7
2024-11-02 07:30:40,327 DEBUG [main] o.s.b.f.s.DefaultListableBeanFactory [DefaultSingletonBeanRegistry.java:225] 
Creating shared instance of singleton bean 'org.springframework.context.annotation.internalConfigurationAnnotationProcessor'
2024-11-02 07:30:40,348 DEBUG [main] o.s.b.f.s.DefaultListableBeanFactory [DefaultSingletonBeanRegistry.java:225] 
Creating shared instance of singleton bean 'org.springframework.boot.autoconfigure.internalCachingMetadataReaderFactory'
2024-11-02 07:30:40,421 DEBUG [main] o.s.c.a.ClassPathBeanDefinitionScanner [ClassPathScanningCandidateComponentProvider.java:435] 
Identified candidate component class: file [D:\allConfigData\NwsMiddleware_UAT\target\classes\com\nws\api\config\WebConfig.class]
2024-11-02 07:30:40,450 DEBUG [main] o.s.c.a.ClassPathBeanDefinitionScanner [ClassPathScanningCandidateComponentProvider.java:435] 
Identified candidate component class: file [D:\allConfigData\NwsMiddleware_UAT\target\classes\com\nws\api\controller\Controllers.class]
2024-11-02 07:30:40,455 DEBUG [main] o.s.c.a.ClassPathBeanDefinitionScanner [ClassPathScanningCandidateComponentProvider.java:435] 
Identified candidate component class: file [D:\allConfigData\NwsMiddleware_UAT\target\classes\com\nws\api\controller\DiamControllerVer1.class]
2024-11-02 07:30:40,459 DEBUG [main] o.s.c.a.ClassPathBeanDefinitionScanner [ClassPathScanningCandidateComponentProvider.java:435] 
Identified candidate component class: file [D:\allConfigData\NwsMiddleware_UAT\target\classes\com\nws\api\controller\DiamControllerVer2.class]
2024-11-02 07:30:40,460 DEBUG [main] o.s.c.a.ClassPathBeanDefinitionScanner [ClassPathScanningCandidateComponentProvider.java:435] 
Identified candidate component class: file [D:\allConfigData\NwsMiddleware_UAT\target\classes\com\nws\api\esb\ConnectionHelper.class]
2024-11-02 07:30:40,466 DEBUG [main] o.s.c.a.ClassPathBeanDefinitionScanner [ClassPathScanningCandidateComponentProvider.java:435] 
Identified candidate component class: file [D:\allConfigData\NwsMiddleware_UAT\target\classes\com\nws\api\exception\GlobalExceptionHandler.class]
2024-11-02 07:30:40,469 DEBUG [main] o.s.c.a.ClassPathBeanDefinitionScanner [ClassPathScanningCandidateComponentProvider.java:435] 
Identified candidate component class: file [D:\allConfigData\NwsMiddleware_UAT\target\classes\com\nws\api\interceptor\BaseInterceptor.class]
2024-11-02 07:30:40,487 DEBUG [main] o.s.c.a.ClassPathBeanDefinitionScanner [ClassPathScanningCandidateComponentProvider.java:435] 
Identified candidate component class: file [D:\allConfigData\NwsMiddleware_UAT\target\classes\com\nws\api\service\DiamServiceVer1.class]
