2024-10-30 08:39:31,246 DEBUG [main] o.s.b.t.c.SpringBootTestContextBootstrapper [AbstractTestContextBootstrapper.java:124] 
@TestExecutionListeners is not present for class [com.nws.api.NwsMiddlewareApplicationTests]: using defaults.
2024-10-30 08:39:31,253 INFO [main] o.s.b.t.c.SpringBootTestContextBootstrapper [AbstractTestContextBootstrapper.java:245] 
Loaded default TestExecutionListener class names from location [META-INF/spring.factories]: [org.springframework.boot.test.mock.mockito.MockitoTestExecutionListener, org.springframework.boot.test.mock.mockito.ResetMocksTestExecutionListener, org.springframework.boot.test.autoconfigure.restdocs.RestDocsTestExecutionListener, org.springframework.boot.test.autoconfigure.web.client.MockRestServiceServerResetTestExecutionListener, org.springframework.boot.test.autoconfigure.web.servlet.MockMvcPrintOnlyOnFailureTestExecutionListener, org.springframework.boot.test.autoconfigure.web.servlet.WebDriverTestExecutionListener, org.springframework.boot.test.autoconfigure.webservices.client.MockWebServiceServerTestExecutionListener, org.springframework.test.context.web.ServletTestExecutionListener, org.springframework.test.context.support.DirtiesContextBeforeModesTestExecutionListener, org.springframework.test.context.event.ApplicationEventsTestExecutionListener, org.springframework.test.context.support.DependencyInjectionTestExecutionListener, org.springframework.test.context.support.DirtiesContextTestExecutionListener, org.springframework.test.context.transaction.TransactionalTestExecutionListener, org.springframework.test.context.jdbc.SqlScriptsTestExecutionListener, org.springframework.test.context.event.EventPublishingTestExecutionListener]
2024-10-30 08:39:31,581 DEBUG [main] o.s.b.t.c.SpringBootTestContextBootstrapper [AbstractTestContextBootstrapper.java:189] 
Skipping candidate TestExecutionListener [org.springframework.test.context.transaction.TransactionalTestExecutionListener] due to a missing dependency. Specify custom listener classes or make the default listener classes and their required dependencies available. Offending class: [org/springframework/transaction/TransactionDefinition]
2024-10-30 08:39:31,585 DEBUG [main] o.s.b.t.c.SpringBootTestContextBootstrapper [AbstractTestContextBootstrapper.java:189] 
Skipping candidate TestExecutionListener [org.springframework.test.context.jdbc.SqlScriptsTestExecutionListener] due to a missing dependency. Specify custom listener classes or make the default listener classes and their required dependencies available. Offending class: [org/springframework/transaction/interceptor/TransactionAttribute]
2024-10-30 08:39:31,586 INFO [main] o.s.b.t.c.SpringBootTestContextBootstrapper [AbstractTestContextBootstrapper.java:174] 
Using TestExecutionListeners: [org.springframework.test.context.web.ServletTestExecutionListener@51df223b, org.springframework.test.context.support.DirtiesContextBeforeModesTestExecutionListener@fd46303, org.springframework.test.context.event.ApplicationEventsTestExecutionListener@60d8c0dc, org.springframework.boot.test.mock.mockito.MockitoTestExecutionListener@4204541c, org.springframework.boot.test.autoconfigure.SpringBootDependencyInjectionTestExecutionListener@6a62689d, org.springframework.test.context.support.DirtiesContextTestExecutionListener@4602c2a9, org.springframework.test.context.event.EventPublishingTestExecutionListener@60fa3495, org.springframework.boot.test.mock.mockito.ResetMocksTestExecutionListener@3e2822, org.springframework.boot.test.autoconfigure.restdocs.RestDocsTestExecutionListener@79e18e38, org.springframework.boot.test.autoconfigure.web.client.MockRestServiceServerResetTestExecutionListener@29a60c27, org.springframework.boot.test.autoconfigure.web.servlet.MockMvcPrintOnlyOnFailureTestExecutionListener@1849db1a, org.springframework.boot.test.autoconfigure.web.servlet.WebDriverTestExecutionListener@69c79f09, org.springframework.boot.test.autoconfigure.webservices.client.MockWebServiceServerTestExecutionListener@1ca25c47]
2024-10-30 08:39:31,853 DEBUG [main] o.s.t.c.s.AbstractDirtiesContextTestExecutionListener [AbstractDirtiesContextTestExecutionListener.java:143] 
Before test class: context [DefaultTestContext@7c22d4f testClass = NwsMiddlewareApplicationTests, testInstance = [null], testMethod = [null], testException = [null], mergedContextConfiguration = [WebMergedContextConfiguration@5f59185e testClass = NwsMiddlewareApplicationTests, locations = '{}', classes = '{class com.nws.api.NwsMiddlewareApplication}', contextInitializerClasses = '[]', activeProfiles = '{}', propertySourceLocations = '{}', propertySourceProperties = '{org.springframework.boot.test.context.SpringBootTestContextBootstrapper=true}', contextCustomizers = set[org.springframework.boot.test.context.filter.ExcludeFilterContextCustomizer@294a6b8e, org.springframework.boot.test.json.DuplicateJsonObjectContextCustomizerFactory$DuplicateJsonObjectContextCustomizer@6fb365ed, org.springframework.boot.test.mock.mockito.MockitoContextCustomizer@0, org.springframework.boot.test.web.client.TestRestTemplateContextCustomizer@517d4a0d, org.springframework.boot.test.autoconfigure.actuate.metrics.MetricsExportContextCustomizerFactory$DisableMetricExportContextCustomizer@4f1bfe23, org.springframework.boot.test.autoconfigure.properties.PropertyMappingContextCustomizer@0, org.springframework.boot.test.autoconfigure.web.servlet.WebDriverContextCustomizerFactory$Customizer@5674e1f2, org.springframework.boot.test.context.SpringBootTestArgs@1, org.springframework.boot.test.context.SpringBootTestWebEnvironment@19bb07ed], resourceBasePath = 'src/main/webapp', contextLoader = 'org.springframework.boot.test.context.SpringBootContextLoader', parent = [null]], attributes = map['org.springframework.test.context.web.ServletTestExecutionListener.activateListener' -> true]], class annotated with @DirtiesContext [false] with mode [null].
2024-10-30 08:39:33,573 INFO [main] c.n.a.NwsMiddlewareApplicationTests [StartupInfoLogger.java:55] 
Starting NwsMiddlewareApplicationTests using Java 11.0.10 on DIAM-ITAMIDWARE with PID 74496 (started by PAMIDMGMT in D:\allConfigData\NwsMiddleware_UAT)
2024-10-30 08:39:33,575 DEBUG [main] c.n.a.NwsMiddlewareApplicationTests [StartupInfoLogger.java:56] 
Running with Spring Boot v2.7.9, Spring v5.3.25
2024-10-30 08:39:33,576 INFO [main] c.n.a.NwsMiddlewareApplicationTests [SpringApplication.java:631] 
No active profile set, falling back to 1 default profile: "default"
2024-10-30 08:39:33,578 DEBUG [main] o.s.b.SpringApplication [SpringApplication.java:664] 
Loading source class com.nws.api.NwsMiddlewareApplication
2024-10-30 08:39:33,634 DEBUG [main] o.s.w.c.s.GenericWebApplicationContext [AbstractApplicationContext.java:629] 
Refreshing org.springframework.web.context.support.GenericWebApplicationContext@c827db
2024-10-30 08:39:33,959 DEBUG [main] o.s.b.f.s.DefaultListableBeanFactory [DefaultSingletonBeanRegistry.java:225] 
Creating shared instance of singleton bean 'org.springframework.context.annotation.internalConfigurationAnnotationProcessor'
2024-10-30 08:39:33,996 DEBUG [main] o.s.b.f.s.DefaultListableBeanFactory [DefaultSingletonBeanRegistry.java:225] 
Creating shared instance of singleton bean 'org.springframework.boot.autoconfigure.internalCachingMetadataReaderFactory'
2024-10-30 08:39:34,289 DEBUG [main] o.s.c.a.ClassPathBeanDefinitionScanner [ClassPathScanningCandidateComponentProvider.java:435] 
Identified candidate component class: file [D:\allConfigData\NwsMiddleware_UAT\target\classes\com\nws\api\config\WebConfig.class]
2024-10-30 08:39:34,395 DEBUG [main] o.s.c.a.ClassPathBeanDefinitionScanner [ClassPathScanningCandidateComponentProvider.java:435] 
Identified candidate component class: file [D:\allConfigData\NwsMiddleware_UAT\target\classes\com\nws\api\controller\Controllers.class]
2024-10-30 08:39:34,403 DEBUG [main] o.s.c.a.ClassPathBeanDefinitionScanner [ClassPathScanningCandidateComponentProvider.java:435] 
Identified candidate component class: file [D:\allConfigData\NwsMiddleware_UAT\target\classes\com\nws\api\controller\DiamControllerVer1.class]
2024-10-30 08:39:34,420 DEBUG [main] o.s.c.a.ClassPathBeanDefinitionScanner [ClassPathScanningCandidateComponentProvider.java:435] 
Identified candidate component class: file [D:\allConfigData\NwsMiddleware_UAT\target\classes\com\nws\api\controller\DiamControllerVer2.class]
2024-10-30 08:39:34,441 DEBUG [main] o.s.c.a.ClassPathBeanDefinitionScanner [ClassPathScanningCandidateComponentProvider.java:435] 
Identified candidate component class: file [D:\allConfigData\NwsMiddleware_UAT\target\classes\com\nws\api\esb\ConnectionHelper.class]
2024-10-30 08:39:34,450 DEBUG [main] o.s.c.a.ClassPathBeanDefinitionScanner [ClassPathScanningCandidateComponentProvider.java:435] 
Identified candidate component class: file [D:\allConfigData\NwsMiddleware_UAT\target\classes\com\nws\api\exception\GlobalExceptionHandler.class]
2024-10-30 08:39:34,454 DEBUG [main] o.s.c.a.ClassPathBeanDefinitionScanner [ClassPathScanningCandidateComponentProvider.java:435] 
Identified candidate component class: file [D:\allConfigData\NwsMiddleware_UAT\target\classes\com\nws\api\interceptor\BaseInterceptor.class]
2024-10-30 08:39:34,565 DEBUG [main] o.s.c.a.ClassPathBeanDefinitionScanner [ClassPathScanningCandidateComponentProvider.java:435] 
Identified candidate component class: file [D:\allConfigData\NwsMiddleware_UAT\target\classes\com\nws\api\service\DiamServiceVer1.class]
2024-10-30 08:39:34,570 DEBUG [main] o.s.c.a.ClassPathBeanDefinitionScanner [ClassPathScanningCandidateComponentProvider.java:435] 
Identified candidate component class: file [D:\allConfigData\NwsMiddleware_UAT\target\classes\com\nws\api\service\DiamServiceVer2.class]
2024-10-30 08:39:34,574 DEBUG [main] o.s.c.a.ClassPathBeanDefinitionScanner [ClassPathScanningCandidateComponentProvider.java:435] 
Identified candidate component class: file [D:\allConfigData\NwsMiddleware_UAT\target\classes\com\nws\api\service\GetRecordCSHandlerVer1.class]
2024-10-30 08:39:34,577 DEBUG [main] o.s.c.a.ClassPathBeanDefinitionScanner [ClassPathScanningCandidateComponentProvider.java:435] 
Identified candidate component class: file [D:\allConfigData\NwsMiddleware_UAT\target\classes\com\nws\api\service\GetRecordCSHandlerVer2.class]
2024-10-30 08:39:34,578 DEBUG [main] o.s.c.a.ClassPathBeanDefinitionScanner [ClassPathScanningCandidateComponentProvider.java:435] 
Identified candidate component class: file [D:\allConfigData\NwsMiddleware_UAT\target\classes\com\nws\api\service\GetRecordGISCSHandlerVer1.class]
