2024-10-30 12:55:18,939 DEBUG [main] o.s.b.f.s.DefaultListableBeanFactory [DefaultSingletonBeanRegistry.java:225] 
Creating shared instance of singleton bean 'localeResolver'
2024-10-30 12:55:18,944 DEBUG [main] o.s.b.f.s.DefaultListableBeanFactory [DefaultSingletonBeanRegistry.java:225] 
Creating shared instance of singleton bean 'themeResolver'
2024-10-30 12:55:18,949 DEBUG [main] o.s.b.f.s.DefaultListableBeanFactory [DefaultSingletonBeanRegistry.java:225] 
Creating shared instance of singleton bean 'flashMapManager'
2024-10-30 12:55:18,957 DEBUG [main] o.s.b.f.s.DefaultListableBeanFactory [DefaultSingletonBeanRegistry.java:225] 
Creating shared instance of singleton bean 'requestMappingHandlerMapping'
2024-10-30 12:55:18,999 DEBUG [main] o.s.b.f.s.DefaultListableBeanFactory [ConstructorResolver.java:808] 
Autowiring by type from bean name 'requestMappingHandlerMapping' via factory method to bean named 'mvcContentNegotiationManager'
2024-10-30 12:55:18,999 DEBUG [main] o.s.b.f.s.DefaultListableBeanFactory [ConstructorResolver.java:808] 
Autowiring by type from bean name 'requestMappingHandlerMapping' via factory method to bean named 'mvcConversionService'
2024-10-30 12:55:19,000 DEBUG [main] o.s.b.f.s.DefaultListableBeanFactory [ConstructorResolver.java:808] 
Autowiring by type from bean name 'requestMappingHandlerMapping' via factory method to bean named 'mvcResourceUrlProvider'
2024-10-30 12:55:19,080 DEBUG [main] _.s.w.s.H.Mappings [AbstractHandlerMethodMapping.java:295] 

	c.n.a.c.Controllers:
	{GET [/api/v1/test]}: getName()
2024-10-30 12:55:19,093 DEBUG [main] _.s.w.s.H.Mappings [AbstractHandlerMethodMapping.java:295] 

	c.n.a.c.DiamControllerVer1:
	{POST [/api/v1/getplotdetailsbycrookie], produces [application/xml]}: getPlotDetailsByCrookie(Envelope,HttpServletRequest,HttpServletResponse)
	{GET [/api/v1/GetGISMap/{accountId}], produces [application/json]}: getRecordsCSOnlyAccountID(Optional,Optional,Optional,HttpServletRequest,HttpServletResponse)
	{POST [/api/v1/getsocialbenefitdata], produces [application/xml]}: getSocialBenefitData(Envelope,HttpServletRequest,HttpServletResponse)
	{GET [/api/v1/GetGroupBillDetails], produces [application/json]}: getGroupBillDetails(String,String,String,HttpServletRequest,HttpServletResponse,Map)
	{GET [/api/v1/GetGISDetails/{accountId}/{lat}/{long}], produces [application/json]}: getRecordsGISService(Optional,Optional,Optional,HttpServletRequest,HttpServletResponse,Map)
	{GET [/api/v1/GetGISDetails/{accountId}], produces [application/json]}: getRecordsGISServiceWithAccontId(Optional,Optional,Optional,HttpServletRequest,HttpServletResponse,Map)
	{GET [/api/v1/GetGISMap/{accountId}/{lat}], produces [application/json]}: getRecordsCSOnlyAccountIDAndLat(Optional,Optional,Optional,HttpServletRequest,HttpServletResponse)
	{POST [/api/v1/getmeterreading], produces [application/json]}: getMeterReading(HttpServletRequest,HttpServletResponse,MeterReading,Map)
	{GET [/api/v1/getBillData], produces [application/json]}: getBillDataService(String,String,HttpServletRequest,HttpServletResponse,Map)
	{GET [/api/v1/GetBill64], produces [application/json]}: getBill64(String,String,HttpServletRequest,HttpServletResponse,Map)
	{GET [/api/v1/GetBillPdf], produces [application/json]}: getBillPdf(String,String,HttpServletRequest,HttpServletResponse,Map)
	{GET [/api/v1/GetGISMap/{accountId}/{lat}/{long}], produces [application/json]}: getRecordsCS(Optional,Optional,Optional,HttpServletRequest,HttpServletResponse)
	{GET [/api/v1/InquiryPayment], produces [application/json]}: inquiryPayment(String,String,HttpServletRequest,HttpServletResponse,Map)
	{GET [/api/v1/GetBillsSummary], produces [application/json]}: getBillSummary(String,String,HttpServletRequest,HttpServletResponse,Map)
	{GET [/api/v1/GetBillsDetails], produces [application/json]}: getBillDetails(String,String,HttpServletRequest,HttpServletResponse,Map)
	{GET [/api/v1/GetGroupBillsInfo], produces [application/json]}: getGroupBillInfo(String,String,String,HttpServletRequest,HttpServletResponse,Map)
	{GET [/api/v1/GetGISDetails/{accountId}/{lat}], produces [application/json]}: getRecordsGISServiceWithAccontIdAndLat(Optional,Optional,Optional,HttpServletRequest,HttpServletResponse,Map)
2024-10-30 12:55:19,112 DEBUG [main] _.s.w.s.H.Mappings [AbstractHandlerMethodMapping.java:295] 

	c.n.a.c.DiamControllerVer2:
	{POST [/api/v2/getplotdetailsbycrookie], produces [application/xml]}: getPlotDetailsByCrookie(Envelope,HttpServletRequest,HttpServletResponse)
	{GET [/api/v2/GetGISMap/{accountId}], produces [application/json]}: getRecordsCSOnlyAccountID(Optional,Optional,Optional,HttpServletRequest,HttpServletResponse)
	{POST [/api/v2/getplotdetailsbycrookieTest], produces [application/xml]}: getPlotDetailsByCrookieTest(Envelope,HttpServletRequest,HttpServletResponse)
	{POST [/api/v2/gettrafficinformaton], produces [application/xml]}: getTrafficInformation(String,HttpServletRequest,HttpServletResponse)
	{POST [/api/v2/getsocialbenefitdata], produces [application/xml]}: getSocialBenefitData(Envelope,HttpServletRequest,HttpServletResponse)
	{GET [/api/v2/GetGroupBillDetails], produces [application/json]}: getGroupBillDetails(String,String,String,HttpServletRequest,HttpServletResponse,Map)
	{GET [/api/v2/getDataFromDb]}: getEncryptionStatus(String)
	{GET [/api/v2/GetGISDetails/{accountId}/{lat}/{long}], produces [application/json]}: getRecordsGISService(Optional,Optional,Optional,HttpServletRequest,HttpServletResponse,Map)
	{POST [/api/v2/getpersoninformation], produces [application/xml]}: getPersonInformation(String,HttpServletRequest,HttpServletResponse)
	{GET [/api/v2/getBillDataTest], produces [application/json]}: getBillDataService1(String,String)
	{GET [/api/v2/GetGISDetails/{accountId}], produces [application/json]}: getRecordsGISServiceWithAccontId(Optional,Optional,Optional,HttpServletRequest,HttpServletResponse,Map)
	{GET [/api/v2/GetGISMap/{accountId}/{lat}], produces [application/json]}: getRecordsCSOnlyAccountIDAndLat(Optional,Optional,Optional,HttpServletRequest,HttpServletResponse)
	{POST [/api/v2/getmeterreading], produces [application/json]}: getMeterReading(HttpServletRequest,HttpServletResponse,MeterReading,Map)
	{GET [/api/v2/getBillData], produces [application/json]}: getBillDataService(String,String,HttpServletRequest,HttpServletResponse,Map)
	{GET [/api/v2/GetBill64], produces [application/json]}: getBill64(String,String,HttpServletRequest,HttpServletResponse,Map)
	{GET [/api/v2/GetBillPdf], produces [application/json]}: getBillPdf(String,String,HttpServletRequest,HttpServletResponse,Map)
	{GET [/api/v2/GetGISMap/{accountId}/{lat}/{long}], produces [application/json]}: getRecordsCS(Optional,Optional,Optional,HttpServletRequest,HttpServletResponse)
	{GET [/api/v2/InquiryPayment], produces [application/json]}: inquiryPayment(String,String,HttpServletRequest,HttpServletResponse,Map)
	{GET [/api/v2/GetBillsSummary], produces [application/json]}: getBillSummary(String,String,HttpServletRequest,HttpServletResponse,Map)
	{GET [/api/v2/GetBillsDetails], produces [application/json]}: getBillDetails(String,String,HttpServletRequest,HttpServletResponse,Map)
	{GET [/api/v2/GetGroupBillsInfo], produces [application/json]}: getGroupBillInfo(String,String,String,HttpServletRequest,HttpServletResponse,Map)
	{GET [/api/v2/test]}: testApi()
	{GET [/api/v2/GetGISDetails/{accountId}/{lat}], produces [application/json]}: getRecordsGISServiceWithAccontIdAndLat(Optional,Optional,Optional,HttpServletRequest,HttpServletResponse,Map)
2024-10-30 12:55:19,125 DEBUG [main] _.s.w.s.H.Mappings [AbstractHandlerMethodMapping.java:295] 

	o.s.b.a.w.s.e.BasicErrorController:
	{ [/error]}: error(HttpServletRequest)
	{ [/error], produces [text/html]}: errorHtml(HttpServletRequest,HttpServletResponse)
2024-10-30 12:55:19,131 DEBUG [main] o.s.w.s.m.m.a.RequestMappingHandlerMapping [AbstractHandlerMethodMapping.java:367] 
43 mappings in 'requestMappingHandlerMapping'
2024-10-30 12:55:19,131 DEBUG [main] o.s.b.f.s.DefaultListableBeanFactory [DefaultSingletonBeanRegistry.java:225] 
Creating shared instance of singleton bean 'mvcPatternParser'
2024-10-30 12:55:19,134 DEBUG [main] o.s.b.f.s.DefaultListableBeanFactory [DefaultSingletonBeanRegistry.java:225] 
Creating shared instance of singleton bean 'mvcUrlPathHelper'
2024-10-30 12:55:19,137 DEBUG [main] o.s.b.f.s.DefaultListableBeanFactory [DefaultSingletonBeanRegistry.java:225] 
Creating shared instance of singleton bean 'mvcPathMatcher'
2024-10-30 12:55:19,143 DEBUG [main] o.s.b.f.s.DefaultListableBeanFactory [DefaultSingletonBeanRegistry.java:225] 
Creating shared instance of singleton bean 'viewControllerHandlerMapping'
2024-10-30 12:55:19,144 DEBUG [main] o.s.b.f.s.DefaultListableBeanFactory [ConstructorResolver.java:808] 
Autowiring by type from bean name 'viewControllerHandlerMapping' via factory method to bean named 'mvcConversionService'
2024-10-30 12:55:19,145 DEBUG [main] o.s.b.f.s.DefaultListableBeanFactory [ConstructorResolver.java:808] 
Autowiring by type from bean name 'viewControllerHandlerMapping' via factory method to bean named 'mvcResourceUrlProvider'
2024-10-30 12:55:19,145 DEBUG [main] o.s.b.f.s.DefaultListableBeanFactory [DefaultSingletonBeanRegistry.java:225] 
Creating shared instance of singleton bean 'beanNameHandlerMapping'
2024-10-30 12:55:19,147 DEBUG [main] o.s.b.f.s.DefaultListableBeanFactory [ConstructorResolver.java:808] 
Autowiring by type from bean name 'beanNameHandlerMapping' via factory method to bean named 'mvcConversionService'
2024-10-30 12:55:19,147 DEBUG [main] o.s.b.f.s.DefaultListableBeanFactory [ConstructorResolver.java:808] 
Autowiring by type from bean name 'beanNameHandlerMapping' via factory method to bean named 'mvcResourceUrlProvider'
2024-10-30 12:55:19,154 DEBUG [main] _.s.w.s.H.Mappings [AbstractDetectingUrlHandlerMapping.java:86] 
'beanNameHandlerMapping' {}
2024-10-30 12:55:19,155 DEBUG [main] o.s.b.f.s.DefaultListableBeanFactory [DefaultSingletonBeanRegistry.java:225] 
Creating shared instance of singleton bean 'routerFunctionMapping'
2024-10-30 12:55:19,156 DEBUG [main] o.s.b.f.s.DefaultListableBeanFactory [ConstructorResolver.java:808] 
Autowiring by type from bean name 'routerFunctionMapping' via factory method to bean named 'mvcConversionService'
2024-10-30 12:55:19,156 DEBUG [main] o.s.b.f.s.DefaultListableBeanFactory [ConstructorResolver.java:808] 
Autowiring by type from bean name 'routerFunctionMapping' via factory method to bean named 'mvcResourceUrlProvider'
2024-10-30 12:55:19,178 DEBUG [main] o.s.b.f.s.DefaultListableBeanFactory [DefaultSingletonBeanRegistry.java:225] 
Creating shared instance of singleton bean 'resourceHandlerMapping'
2024-10-30 12:55:19,179 DEBUG [main] o.s.b.f.s.DefaultListableBeanFactory [ConstructorResolver.java:808] 
Autowiring by type from bean name 'resourceHandlerMapping' via factory method to bean named 'mvcContentNegotiationManager'
2024-10-30 12:55:19,180 DEBUG [main] o.s.b.f.s.DefaultListableBeanFactory [ConstructorResolver.java:808] 
Autowiring by type from bean name 'resourceHandlerMapping' via factory method to bean named 'mvcConversionService'
2024-10-30 12:55:19,180 DEBUG [main] o.s.b.f.s.DefaultListableBeanFactory [ConstructorResolver.java:808] 
Autowiring by type from bean name 'resourceHandlerMapping' via factory method to bean named 'mvcResourceUrlProvider'
2024-10-30 12:55:19,202 DEBUG [main] _.s.w.s.H.Mappings [SimpleUrlHandlerMapping.java:177] 
'resourceHandlerMapping' {/webjars/**=ResourceHttpRequestHandler [classpath [META-INF/resources/webjars/]], /**=ResourceHttpRequestHandler [classpath [META-INF/resources/], classpath [resources/], classpath [static/], classpath [public/], ServletContext [/]]}
2024-10-30 12:55:19,202 DEBUG [main] o.s.b.f.s.DefaultListableBeanFactory [DefaultSingletonBeanRegistry.java:225] 
Creating shared instance of singleton bean 'defaultServletHandlerMapping'
2024-10-30 12:55:19,203 DEBUG [main] o.s.b.f.s.DefaultListableBeanFactory [DefaultSingletonBeanRegistry.java:225] 
Creating shared instance of singleton bean 'handlerFunctionAdapter'
