2024-10-30 08:39:49,502 DEBUG [SpringApplicationShutdownHook] o.s.w.c.s.GenericWebApplicationContext [AbstractApplicationContext.java:1049] 
Closing org.springframework.web.context.support.GenericWebApplicationContext@c827db, started on Wed Oct 30 08:39:33 GST 2024
2024-10-30 08:39:49,508 DEBUG [SpringApplicationShutdownHook] o.s.c.s.DefaultLifecycleProcessor [DefaultLifecycleProcessor.java:365] 
Stopping beans in phase -2147483647
2024-10-30 08:39:49,510 DEBUG [SpringApplicationShutdownHook] o.s.c.s.DefaultLifecycleProcessor [DefaultLifecycleProcessor.java:238] 
Bean 'springBootLoggingLifecycle' completed its stop procedure
2024-10-30 08:39:49,513 DEBUG [SpringApplicationShutdownHook] o.s.s.c.ThreadPoolTaskExecutor [ExecutorConfigurationSupport.java:218] 
Shutting down ExecutorService 'applicationTaskExecutor'
2024-10-30 09:33:56,988 DEBUG [main] o.s.t.c.BootstrapUtils [BootstrapUtils.java:108] 
Instantiating CacheAwareContextLoaderDelegate from class [org.springframework.test.context.cache.DefaultCacheAwareContextLoaderDelegate]
2024-10-30 09:33:57,008 DEBUG [main] o.s.t.c.BootstrapUtils [BootstrapUtils.java:88] 
Instantiating BootstrapContext using constructor [public org.springframework.test.context.support.DefaultBootstrapContext(java.lang.Class,org.springframework.test.context.CacheAwareContextLoaderDelegate)]
2024-10-30 09:33:57,083 DEBUG [main] o.s.t.c.BootstrapUtils [BootstrapUtils.java:143] 
Instantiating TestContextBootstrapper for test class [com.nws.api.NwsMiddlewareApplicationTests] from class [org.springframework.boot.test.context.SpringBootTestContextBootstrapper]
2024-10-30 09:33:57,128 INFO [main] o.s.b.t.c.SpringBootTestContextBootstrapper [AbstractTestContextBootstrapper.java:305] 
Neither @ContextConfiguration nor @ContextHierarchy found for test class [com.nws.api.NwsMiddlewareApplicationTests], using SpringBootContextLoader
2024-10-30 09:33:57,570 DEBUG [main] o.s.t.c.s.AbstractContextLoader [AbstractContextLoader.java:258] 
Did not detect default resource location for test class [com.nws.api.NwsMiddlewareApplicationTests]: class path resource [com/nws/api/NwsMiddlewareApplicationTests-context.xml] does not exist
2024-10-30 09:33:57,572 DEBUG [main] o.s.t.c.s.AbstractContextLoader [AbstractContextLoader.java:258] 
Did not detect default resource location for test class [com.nws.api.NwsMiddlewareApplicationTests]: class path resource [com/nws/api/NwsMiddlewareApplicationTestsContext.groovy] does not exist
2024-10-30 09:33:57,574 INFO [main] o.s.t.c.s.AbstractContextLoader [AbstractContextLoader.java:264] 
Could not detect default resource locations for test class [com.nws.api.NwsMiddlewareApplicationTests]: no resource found for suffixes {-context.xml, Context.groovy}.
2024-10-30 09:33:57,577 INFO [main] o.s.t.c.s.AnnotationConfigContextLoaderUtils [AnnotationConfigContextLoaderUtils.java:83] 
Could not detect default configuration classes for test class [com.nws.api.NwsMiddlewareApplicationTests]: NwsMiddlewareApplicationTests does not declare any static, non-private, non-final, nested classes annotated with @Configuration.
2024-10-30 09:33:57,799 DEBUG [main] o.s.t.c.s.ActiveProfilesUtils [ActiveProfilesUtils.java:80] 
Could not find an 'annotation declaring class' for annotation type [org.springframework.test.context.ActiveProfiles] and class [com.nws.api.NwsMiddlewareApplicationTests]
2024-10-30 09:33:58,226 DEBUG [main] o.s.c.a.ClassPathScanningCandidateComponentProvider [ClassPathScanningCandidateComponentProvider.java:435] 
Identified candidate component class: file [D:\allConfigData\NwsMiddleware_UAT\target\classes\com\nws\api\NwsMiddlewareApplication.class]
2024-10-30 09:33:58,231 INFO [main] o.s.b.t.c.SpringBootTestContextBootstrapper [SpringBootTestContextBootstrapper.java:239] 
Found @SpringBootConfiguration com.nws.api.NwsMiddlewareApplication for test class com.nws.api.NwsMiddlewareApplicationTests
2024-10-30 09:33:58,934 DEBUG [main] o.s.b.t.c.SpringBootTestContextBootstrapper [AbstractTestContextBootstrapper.java:124] 
@TestExecutionListeners is not present for class [com.nws.api.NwsMiddlewareApplicationTests]: using defaults.
2024-10-30 09:33:58,937 INFO [main] o.s.b.t.c.SpringBootTestContextBootstrapper [AbstractTestContextBootstrapper.java:245] 
Loaded default TestExecutionListener class names from location [META-INF/spring.factories]: [org.springframework.boot.test.mock.mockito.MockitoTestExecutionListener, org.springframework.boot.test.mock.mockito.ResetMocksTestExecutionListener, org.springframework.boot.test.autoconfigure.restdocs.RestDocsTestExecutionListener, org.springframework.boot.test.autoconfigure.web.client.MockRestServiceServerResetTestExecutionListener, org.springframework.boot.test.autoconfigure.web.servlet.MockMvcPrintOnlyOnFailureTestExecutionListener, org.springframework.boot.test.autoconfigure.web.servlet.WebDriverTestExecutionListener, org.springframework.boot.test.autoconfigure.webservices.client.MockWebServiceServerTestExecutionListener, org.springframework.test.context.web.ServletTestExecutionListener, org.springframework.test.context.support.DirtiesContextBeforeModesTestExecutionListener, org.springframework.test.context.event.ApplicationEventsTestExecutionListener, org.springframework.test.context.support.DependencyInjectionTestExecutionListener, org.springframework.test.context.support.DirtiesContextTestExecutionListener, org.springframework.test.context.transaction.TransactionalTestExecutionListener, org.springframework.test.context.jdbc.SqlScriptsTestExecutionListener, org.springframework.test.context.event.EventPublishingTestExecutionListener]
2024-10-30 09:33:58,993 DEBUG [main] o.s.b.t.c.SpringBootTestContextBootstrapper [AbstractTestContextBootstrapper.java:189] 
Skipping candidate TestExecutionListener [org.springframework.test.context.transaction.TransactionalTestExecutionListener] due to a missing dependency. Specify custom listener classes or make the default listener classes and their required dependencies available. Offending class: [org/springframework/transaction/interceptor/TransactionAttributeSource]
2024-10-30 09:33:58,997 DEBUG [main] o.s.b.t.c.SpringBootTestContextBootstrapper [AbstractTestContextBootstrapper.java:189] 
Skipping candidate TestExecutionListener [org.springframework.test.context.jdbc.SqlScriptsTestExecutionListener] due to a missing dependency. Specify custom listener classes or make the default listener classes and their required dependencies available. Offending class: [org/springframework/transaction/interceptor/TransactionAttribute]
2024-10-30 09:33:58,999 INFO [main] o.s.b.t.c.SpringBootTestContextBootstrapper [AbstractTestContextBootstrapper.java:174] 
Using TestExecutionListeners: [org.springframework.test.context.web.ServletTestExecutionListener@53ab0286, org.springframework.test.context.support.DirtiesContextBeforeModesTestExecutionListener@63c5efee, org.springframework.test.context.event.ApplicationEventsTestExecutionListener@2d10e0b1, org.springframework.boot.test.mock.mockito.MockitoTestExecutionListener@1c98290c, org.springframework.boot.test.autoconfigure.SpringBootDependencyInjectionTestExecutionListener@172ca72b, org.springframework.test.context.support.DirtiesContextTestExecutionListener@5bda80bf, org.springframework.test.context.event.EventPublishingTestExecutionListener@71e5f61d, org.springframework.boot.test.mock.mockito.ResetMocksTestExecutionListener@2ce86164, org.springframework.boot.test.autoconfigure.restdocs.RestDocsTestExecutionListener@5e8f9e2d, org.springframework.boot.test.autoconfigure.web.client.MockRestServiceServerResetTestExecutionListener@51df223b, org.springframework.boot.test.autoconfigure.web.servlet.MockMvcPrintOnlyOnFailureTestExecutionListener@fd46303, org.springframework.boot.test.autoconfigure.web.servlet.WebDriverTestExecutionListener@60d8c0dc, org.springframework.boot.test.autoconfigure.webservices.client.MockWebServiceServerTestExecutionListener@4204541c]
2024-10-30 09:33:59,008 DEBUG [main] o.s.t.c.s.AbstractDirtiesContextTestExecutionListener [AbstractDirtiesContextTestExecutionListener.java:143] 
Before test class: context [DefaultTestContext@2cf23c81 testClass = NwsMiddlewareApplicationTests, testInstance = [null], testMethod = [null], testException = [null], mergedContextConfiguration = [WebMergedContextConfiguration@3624da92 testClass = NwsMiddlewareApplicationTests, locations = '{}', classes = '{class com.nws.api.NwsMiddlewareApplication}', contextInitializerClasses = '[]', activeProfiles = '{}', propertySourceLocations = '{}', propertySourceProperties = '{org.springframework.boot.test.context.SpringBootTestContextBootstrapper=true}', contextCustomizers = set[org.springframework.boot.test.context.filter.ExcludeFilterContextCustomizer@3549bca9, org.springframework.boot.test.json.DuplicateJsonObjectContextCustomizerFactory$DuplicateJsonObjectContextCustomizer@74bada02, org.springframework.boot.test.mock.mockito.MockitoContextCustomizer@0, org.springframework.boot.test.web.client.TestRestTemplateContextCustomizer@1941a8ff, org.springframework.boot.test.autoconfigure.actuate.metrics.MetricsExportContextCustomizerFactory$DisableMetricExportContextCustomizer@71529963, org.springframework.boot.test.autoconfigure.properties.PropertyMappingContextCustomizer@0, org.springframework.boot.test.autoconfigure.web.servlet.WebDriverContextCustomizerFactory$Customizer@32f232a5, org.springframework.boot.test.context.SpringBootTestArgs@1, org.springframework.boot.test.context.SpringBootTestWebEnvironment@2667f029], resourceBasePath = 'src/main/webapp', contextLoader = 'org.springframework.boot.test.context.SpringBootContextLoader', parent = [null]], attributes = map['org.springframework.test.context.web.ServletTestExecutionListener.activateListener' -> true]], class annotated with @DirtiesContext [false] with mode [null].
2024-10-30 09:34:04,553 INFO [main] c.n.a.NwsMiddlewareApplicationTests [StartupInfoLogger.java:55] 
Starting NwsMiddlewareApplicationTests using Java 11.0.10 on DIAM-ITAMIDWARE with PID 119184 (started by PAMIDMGMT in D:\allConfigData\NwsMiddleware_UAT)
2024-10-30 09:34:04,555 DEBUG [main] c.n.a.NwsMiddlewareApplicationTests [StartupInfoLogger.java:56] 
Running with Spring Boot v2.7.9, Spring v5.3.25
2024-10-30 09:34:04,559 INFO [main] c.n.a.NwsMiddlewareApplicationTests [SpringApplication.java:631] 
No active profile set, falling back to 1 default profile: "default"
