2024-10-31 07:57:21,933 DEBUG [SpringApplicationShutdownHook] o.s.w.c.s.GenericWebApplicationContext [AbstractApplicationContext.java:1049] 
Closing org.springframework.web.context.support.GenericWebApplicationContext@680362a, started on Thu Oct 31 07:57:14 GST 2024
2024-10-31 07:57:21,971 DEBUG [SpringApplicationShutdownHook] o.s.c.s.DefaultLifecycleProcessor [DefaultLifecycleProcessor.java:365] 
Stopping beans in phase -2147483647
2024-10-31 07:57:21,972 DEBUG [SpringApplicationShutdownHook] o.s.c.s.DefaultLifecycleProcessor [DefaultLifecycleProcessor.java:238] 
Bean 'springBootLoggingLifecycle' completed its stop procedure
2024-10-31 07:57:21,976 DEBUG [SpringApplicationShutdownHook] o.s.s.c.ThreadPoolTaskExecutor [ExecutorConfigurationSupport.java:218] 
Shutting down ExecutorService 'applicationTaskExecutor'
2024-10-31 15:10:21,202 DEBUG [main] o.s.t.c.BootstrapUtils [BootstrapUtils.java:108] 
Instantiating CacheAwareContextLoaderDelegate from class [org.springframework.test.context.cache.DefaultCacheAwareContextLoaderDelegate]
2024-10-31 15:10:21,214 DEBUG [main] o.s.t.c.BootstrapUtils [BootstrapUtils.java:88] 
Instantiating BootstrapContext using constructor [public org.springframework.test.context.support.DefaultBootstrapContext(java.lang.Class,org.springframework.test.context.CacheAwareContextLoaderDelegate)]
2024-10-31 15:10:21,269 DEBUG [main] o.s.t.c.BootstrapUtils [BootstrapUtils.java:143] 
Instantiating TestContextBootstrapper for test class [com.nws.api.NwsMiddlewareApplicationTests] from class [org.springframework.boot.test.context.SpringBootTestContextBootstrapper]
2024-10-31 15:10:21,284 INFO [main] o.s.b.t.c.SpringBootTestContextBootstrapper [AbstractTestContextBootstrapper.java:305] 
Neither @ContextConfiguration nor @ContextHierarchy found for test class [com.nws.api.NwsMiddlewareApplicationTests], using SpringBootContextLoader
2024-10-31 15:10:21,292 DEBUG [main] o.s.t.c.s.AbstractContextLoader [AbstractContextLoader.java:258] 
Did not detect default resource location for test class [com.nws.api.NwsMiddlewareApplicationTests]: class path resource [com/nws/api/NwsMiddlewareApplicationTests-context.xml] does not exist
2024-10-31 15:10:21,293 DEBUG [main] o.s.t.c.s.AbstractContextLoader [AbstractContextLoader.java:258] 
Did not detect default resource location for test class [com.nws.api.NwsMiddlewareApplicationTests]: class path resource [com/nws/api/NwsMiddlewareApplicationTestsContext.groovy] does not exist
2024-10-31 15:10:21,294 INFO [main] o.s.t.c.s.AbstractContextLoader [AbstractContextLoader.java:264] 
Could not detect default resource locations for test class [com.nws.api.NwsMiddlewareApplicationTests]: no resource found for suffixes {-context.xml, Context.groovy}.
2024-10-31 15:10:21,296 INFO [main] o.s.t.c.s.AnnotationConfigContextLoaderUtils [AnnotationConfigContextLoaderUtils.java:83] 
Could not detect default configuration classes for test class [com.nws.api.NwsMiddlewareApplicationTests]: NwsMiddlewareApplicationTests does not declare any static, non-private, non-final, nested classes annotated with @Configuration.
2024-10-31 15:10:21,397 DEBUG [main] o.s.t.c.s.ActiveProfilesUtils [ActiveProfilesUtils.java:80] 
Could not find an 'annotation declaring class' for annotation type [org.springframework.test.context.ActiveProfiles] and class [com.nws.api.NwsMiddlewareApplicationTests]
2024-10-31 15:10:21,535 DEBUG [main] o.s.c.a.ClassPathScanningCandidateComponentProvider [ClassPathScanningCandidateComponentProvider.java:435] 
Identified candidate component class: file [D:\allConfigData\NwsMiddleware_UAT\target\classes\com\nws\api\NwsMiddlewareApplication.class]
2024-10-31 15:10:21,540 INFO [main] o.s.b.t.c.SpringBootTestContextBootstrapper [SpringBootTestContextBootstrapper.java:239] 
Found @SpringBootConfiguration com.nws.api.NwsMiddlewareApplication for test class com.nws.api.NwsMiddlewareApplicationTests
2024-10-31 15:10:21,868 DEBUG [main] o.s.b.t.c.SpringBootTestContextBootstrapper [AbstractTestContextBootstrapper.java:124] 
@TestExecutionListeners is not present for class [com.nws.api.NwsMiddlewareApplicationTests]: using defaults.
2024-10-31 15:10:21,871 INFO [main] o.s.b.t.c.SpringBootTestContextBootstrapper [AbstractTestContextBootstrapper.java:245] 
Loaded default TestExecutionListener class names from location [META-INF/spring.factories]: [org.springframework.boot.test.mock.mockito.MockitoTestExecutionListener, org.springframework.boot.test.mock.mockito.ResetMocksTestExecutionListener, org.springframework.boot.test.autoconfigure.restdocs.RestDocsTestExecutionListener, org.springframework.boot.test.autoconfigure.web.client.MockRestServiceServerResetTestExecutionListener, org.springframework.boot.test.autoconfigure.web.servlet.MockMvcPrintOnlyOnFailureTestExecutionListener, org.springframework.boot.test.autoconfigure.web.servlet.WebDriverTestExecutionListener, org.springframework.boot.test.autoconfigure.webservices.client.MockWebServiceServerTestExecutionListener, org.springframework.test.context.web.ServletTestExecutionListener, org.springframework.test.context.support.DirtiesContextBeforeModesTestExecutionListener, org.springframework.test.context.event.ApplicationEventsTestExecutionListener, org.springframework.test.context.support.DependencyInjectionTestExecutionListener, org.springframework.test.context.support.DirtiesContextTestExecutionListener, org.springframework.test.context.transaction.TransactionalTestExecutionListener, org.springframework.test.context.jdbc.SqlScriptsTestExecutionListener, org.springframework.test.context.event.EventPublishingTestExecutionListener]
2024-10-31 15:10:21,938 DEBUG [main] o.s.b.t.c.SpringBootTestContextBootstrapper [AbstractTestContextBootstrapper.java:189] 
Skipping candidate TestExecutionListener [org.springframework.test.context.transaction.TransactionalTestExecutionListener] due to a missing dependency. Specify custom listener classes or make the default listener classes and their required dependencies available. Offending class: [org/springframework/transaction/TransactionDefinition]
2024-10-31 15:10:21,941 DEBUG [main] o.s.b.t.c.SpringBootTestContextBootstrapper [AbstractTestContextBootstrapper.java:189] 
Skipping candidate TestExecutionListener [org.springframework.test.context.jdbc.SqlScriptsTestExecutionListener] due to a missing dependency. Specify custom listener classes or make the default listener classes and their required dependencies available. Offending class: [org/springframework/transaction/interceptor/TransactionAttribute]
2024-10-31 15:10:21,944 INFO [main] o.s.b.t.c.SpringBootTestContextBootstrapper [AbstractTestContextBootstrapper.java:174] 
Using TestExecutionListeners: [org.springframework.test.context.web.ServletTestExecutionListener@9635fa, org.springframework.test.context.support.DirtiesContextBeforeModesTestExecutionListener@53ab0286, org.springframework.test.context.event.ApplicationEventsTestExecutionListener@63c5efee, org.springframework.boot.test.mock.mockito.MockitoTestExecutionListener@2d10e0b1, org.springframework.boot.test.autoconfigure.SpringBootDependencyInjectionTestExecutionListener@1c98290c, org.springframework.test.context.support.DirtiesContextTestExecutionListener@172ca72b, org.springframework.test.context.event.EventPublishingTestExecutionListener@5bda80bf, org.springframework.boot.test.mock.mockito.ResetMocksTestExecutionListener@71e5f61d, org.springframework.boot.test.autoconfigure.restdocs.RestDocsTestExecutionListener@2ce86164, org.springframework.boot.test.autoconfigure.web.client.MockRestServiceServerResetTestExecutionListener@5e8f9e2d, org.springframework.boot.test.autoconfigure.web.servlet.MockMvcPrintOnlyOnFailureTestExecutionListener@51df223b, org.springframework.boot.test.autoconfigure.web.servlet.WebDriverTestExecutionListener@fd46303, org.springframework.boot.test.autoconfigure.webservices.client.MockWebServiceServerTestExecutionListener@60d8c0dc]
2024-10-31 15:10:21,978 DEBUG [main] o.s.t.c.s.AbstractDirtiesContextTestExecutionListener [AbstractDirtiesContextTestExecutionListener.java:143] 
Before test class: context [DefaultTestContext@1e044120 testClass = NwsMiddlewareApplicationTests, testInstance = [null], testMethod = [null], testException = [null], mergedContextConfiguration = [WebMergedContextConfiguration@2cf23c81 testClass = NwsMiddlewareApplicationTests, locations = '{}', classes = '{class com.nws.api.NwsMiddlewareApplication}', contextInitializerClasses = '[]', activeProfiles = '{}', propertySourceLocations = '{}', propertySourceProperties = '{org.springframework.boot.test.context.SpringBootTestContextBootstrapper=true}', contextCustomizers = set[org.springframework.boot.test.context.filter.ExcludeFilterContextCustomizer@1b835480, org.springframework.boot.test.json.DuplicateJsonObjectContextCustomizerFactory$DuplicateJsonObjectContextCustomizer@16414e40, org.springframework.boot.test.mock.mockito.MockitoContextCustomizer@0, org.springframework.boot.test.web.client.TestRestTemplateContextCustomizer@3a12c404, org.springframework.boot.test.autoconfigure.actuate.metrics.MetricsExportContextCustomizerFactory$DisableMetricExportContextCustomizer@512535ff, org.springframework.boot.test.autoconfigure.properties.PropertyMappingContextCustomizer@0, org.springframework.boot.test.autoconfigure.web.servlet.WebDriverContextCustomizerFactory$Customizer@2a448449, org.springframework.boot.test.context.SpringBootTestArgs@1, org.springframework.boot.test.context.SpringBootTestWebEnvironment@353d0772], resourceBasePath = 'src/main/webapp', contextLoader = 'org.springframework.boot.test.context.SpringBootContextLoader', parent = [null]], attributes = map['org.springframework.test.context.web.ServletTestExecutionListener.activateListener' -> true]], class annotated with @DirtiesContext [false] with mode [null].
2024-10-31 15:10:22,774 INFO [main] c.n.a.NwsMiddlewareApplicationTests [StartupInfoLogger.java:55] 
Starting NwsMiddlewareApplicationTests using Java 11.0.10 on DIAM-ITAMIDWARE with PID 121984 (started by PAMIDMGMT in D:\allConfigData\NwsMiddleware_UAT)
2024-10-31 15:10:22,779 DEBUG [main] c.n.a.NwsMiddlewareApplicationTests [StartupInfoLogger.java:56] 
Running with Spring Boot v2.7.9, Spring v5.3.25
2024-10-31 15:10:22,780 INFO [main] c.n.a.NwsMiddlewareApplicationTests [SpringApplication.java:631] 
No active profile set, falling back to 1 default profile: "default"
2024-10-31 15:10:22,781 DEBUG [main] o.s.b.SpringApplication [SpringApplication.java:664] 
Loading source class com.nws.api.NwsMiddlewareApplication
2024-10-31 15:10:22,879 DEBUG [main] o.s.w.c.s.GenericWebApplicationContext [AbstractApplicationContext.java:629] 
Refreshing org.springframework.web.context.support.GenericWebApplicationContext@100f9bbe
2024-10-31 15:10:22,929 DEBUG [main] o.s.b.f.s.DefaultListableBeanFactory [DefaultSingletonBeanRegistry.java:225] 
Creating shared instance of singleton bean 'org.springframework.context.annotation.internalConfigurationAnnotationProcessor'
2024-10-31 15:10:22,969 DEBUG [main] o.s.b.f.s.DefaultListableBeanFactory [DefaultSingletonBeanRegistry.java:225] 
Creating shared instance of singleton bean 'org.springframework.boot.autoconfigure.internalCachingMetadataReaderFactory'
2024-10-31 15:10:23,097 DEBUG [main] o.s.c.a.ClassPathBeanDefinitionScanner [ClassPathScanningCandidateComponentProvider.java:435] 
Identified candidate component class: file [D:\allConfigData\NwsMiddleware_UAT\target\classes\com\nws\api\config\WebConfig.class]
2024-10-31 15:10:23,110 DEBUG [main] o.s.c.a.ClassPathBeanDefinitionScanner [ClassPathScanningCandidateComponentProvider.java:435] 
Identified candidate component class: file [D:\allConfigData\NwsMiddleware_UAT\target\classes\com\nws\api\controller\Controllers.class]
2024-10-31 15:10:23,116 DEBUG [main] o.s.c.a.ClassPathBeanDefinitionScanner [ClassPathScanningCandidateComponentProvider.java:435] 
Identified candidate component class: file [D:\allConfigData\NwsMiddleware_UAT\target\classes\com\nws\api\controller\DiamControllerVer1.class]
2024-10-31 15:10:23,120 DEBUG [main] o.s.c.a.ClassPathBeanDefinitionScanner [ClassPathScanningCandidateComponentProvider.java:435] 
Identified candidate component class: file [D:\allConfigData\NwsMiddleware_UAT\target\classes\com\nws\api\controller\DiamControllerVer2.class]
2024-10-31 15:10:23,122 DEBUG [main] o.s.c.a.ClassPathBeanDefinitionScanner [ClassPathScanningCandidateComponentProvider.java:435] 
Identified candidate component class: file [D:\allConfigData\NwsMiddleware_UAT\target\classes\com\nws\api\esb\ConnectionHelper.class]
2024-10-31 15:10:23,126 DEBUG [main] o.s.c.a.ClassPathBeanDefinitionScanner [ClassPathScanningCandidateComponentProvider.java:435] 
Identified candidate component class: file [D:\allConfigData\NwsMiddleware_UAT\target\classes\com\nws\api\exception\GlobalExceptionHandler.class]
2024-10-31 15:10:23,127 DEBUG [main] o.s.c.a.ClassPathBeanDefinitionScanner [ClassPathScanningCandidateComponentProvider.java:435] 
Identified candidate component class: file [D:\allConfigData\NwsMiddleware_UAT\target\classes\com\nws\api\interceptor\BaseInterceptor.class]
2024-10-31 15:10:23,162 DEBUG [main] o.s.c.a.ClassPathBeanDefinitionScanner [ClassPathScanningCandidateComponentProvider.java:435] 
Identified candidate component class: file [D:\allConfigData\NwsMiddleware_UAT\target\classes\com\nws\api\service\DiamServiceVer1.class]
