2024-10-30 08:23:44,971 INFO [main] c.n.a.NwsMiddlewareApplication [StartupInfoLogger.java:55] 
Starting NwsMiddlewareApplication using Java 11.0.10 on DIAM-ITAMIDWARE with PID 65008 (D:\allConfigData\NwsMiddleware_UAT\target\classes started by PAMIDMGMT in D:\allConfigData\NwsMiddleware_UAT)
2024-10-30 08:23:44,980 DEBUG [main] c.n.a.NwsMiddlewareApplication [StartupInfoLogger.java:56] 
Running with Spring Boot v2.7.9, Spring v5.3.25
2024-10-30 08:23:44,981 INFO [main] c.n.a.NwsMiddlewareApplication [SpringApplication.java:631] 
No active profile set, falling back to 1 default profile: "default"
2024-10-30 08:23:44,982 DEBUG [main] o.s.b.SpringApplication [SpringApplication.java:664] 
Loading source class com.nws.api.NwsMiddlewareApplication
2024-10-30 08:23:45,051 DEBUG [main] o.s.b.w.s.c.AnnotationConfigServletWebServerApplicationContext [AbstractApplicationContext.java:629] 
Refreshing org.springframework.boot.web.servlet.context.AnnotationConfigServletWebServerApplicationContext@6175619b
2024-10-30 08:23:45,285 DEBUG [main] o.s.b.f.s.DefaultListableBeanFactory [DefaultSingletonBeanRegistry.java:225] 
Creating shared instance of singleton bean 'org.springframework.context.annotation.internalConfigurationAnnotationProcessor'
2024-10-30 08:23:45,314 DEBUG [main] o.s.b.f.s.DefaultListableBeanFactory [DefaultSingletonBeanRegistry.java:225] 
Creating shared instance of singleton bean 'org.springframework.boot.autoconfigure.internalCachingMetadataReaderFactory'
2024-10-30 08:23:45,440 DEBUG [main] o.s.c.a.ClassPathBeanDefinitionScanner [ClassPathScanningCandidateComponentProvider.java:435] 
Identified candidate component class: file [D:\allConfigData\NwsMiddleware_UAT\target\classes\com\nws\api\config\WebConfig.class]
2024-10-30 08:23:45,460 DEBUG [main] o.s.c.a.ClassPathBeanDefinitionScanner [ClassPathScanningCandidateComponentProvider.java:435] 
Identified candidate component class: file [D:\allConfigData\NwsMiddleware_UAT\target\classes\com\nws\api\controller\Controllers.class]
2024-10-30 08:23:45,465 DEBUG [main] o.s.c.a.ClassPathBeanDefinitionScanner [ClassPathScanningCandidateComponentProvider.java:435] 
Identified candidate component class: file [D:\allConfigData\NwsMiddleware_UAT\target\classes\com\nws\api\controller\DiamControllerVer1.class]
2024-10-30 08:23:45,467 DEBUG [main] o.s.c.a.ClassPathBeanDefinitionScanner [ClassPathScanningCandidateComponentProvider.java:435] 
Identified candidate component class: file [D:\allConfigData\NwsMiddleware_UAT\target\classes\com\nws\api\controller\DiamControllerVer2.class]
2024-10-30 08:23:45,469 DEBUG [main] o.s.c.a.ClassPathBeanDefinitionScanner [ClassPathScanningCandidateComponentProvider.java:435] 
Identified candidate component class: file [D:\allConfigData\NwsMiddleware_UAT\target\classes\com\nws\api\esb\ConnectionHelper.class]
2024-10-30 08:23:45,472 DEBUG [main] o.s.c.a.ClassPathBeanDefinitionScanner [ClassPathScanningCandidateComponentProvider.java:435] 
Identified candidate component class: file [D:\allConfigData\NwsMiddleware_UAT\target\classes\com\nws\api\exception\GlobalExceptionHandler.class]
2024-10-30 08:23:45,474 DEBUG [main] o.s.c.a.ClassPathBeanDefinitionScanner [ClassPathScanningCandidateComponentProvider.java:435] 
Identified candidate component class: file [D:\allConfigData\NwsMiddleware_UAT\target\classes\com\nws\api\interceptor\BaseInterceptor.class]
2024-10-30 08:23:45,482 DEBUG [main] o.s.c.a.ClassPathBeanDefinitionScanner [ClassPathScanningCandidateComponentProvider.java:435] 
Identified candidate component class: file [D:\allConfigData\NwsMiddleware_UAT\target\classes\com\nws\api\service\DiamServiceVer1.class]
2024-10-30 08:23:45,483 DEBUG [main] o.s.c.a.ClassPathBeanDefinitionScanner [ClassPathScanningCandidateComponentProvider.java:435] 
Identified candidate component class: file [D:\allConfigData\NwsMiddleware_UAT\target\classes\com\nws\api\service\DiamServiceVer2.class]
2024-10-30 08:23:45,484 DEBUG [main] o.s.c.a.ClassPathBeanDefinitionScanner [ClassPathScanningCandidateComponentProvider.java:435] 
Identified candidate component class: file [D:\allConfigData\NwsMiddleware_UAT\target\classes\com\nws\api\service\GetRecordCSHandlerVer1.class]
2024-10-30 08:23:45,485 DEBUG [main] o.s.c.a.ClassPathBeanDefinitionScanner [ClassPathScanningCandidateComponentProvider.java:435] 
Identified candidate component class: file [D:\allConfigData\NwsMiddleware_UAT\target\classes\com\nws\api\service\GetRecordCSHandlerVer2.class]
2024-10-30 08:23:45,486 DEBUG [main] o.s.c.a.ClassPathBeanDefinitionScanner [ClassPathScanningCandidateComponentProvider.java:435] 
Identified candidate component class: file [D:\allConfigData\NwsMiddleware_UAT\target\classes\com\nws\api\service\GetRecordGISCSHandlerVer1.class]
2024-10-30 08:23:45,486 DEBUG [main] o.s.c.a.ClassPathBeanDefinitionScanner [ClassPathScanningCandidateComponentProvider.java:435] 
Identified candidate component class: file [D:\allConfigData\NwsMiddleware_UAT\target\classes\com\nws\api\service\GetRecordGISCSHandlerVer2.class]
2024-10-30 08:23:45,496 DEBUG [main] o.s.c.a.ClassPathBeanDefinitionScanner [ClassPathScanningCandidateComponentProvider.java:435] 
Identified candidate component class: file [D:\allConfigData\NwsMiddleware_UAT\target\classes\com\nws\api\utils\DBUtils.class]
2024-10-30 08:23:48,061 DEBUG [main] o.s.b.f.s.DefaultListableBeanFactory [DefaultSingletonBeanRegistry.java:225] 
Creating shared instance of singleton bean 'propertySourcesPlaceholderConfigurer'
2024-10-30 08:23:48,140 DEBUG [main] o.s.b.f.s.DefaultListableBeanFactory [DefaultSingletonBeanRegistry.java:225] 
Creating shared instance of singleton bean 'org.springframework.boot.sql.init.dependency.DatabaseInitializationDependencyConfigurer$DependsOnDatabaseInitializationPostProcessor'
2024-10-30 08:23:48,155 DEBUG [main] o.s.b.f.s.DefaultListableBeanFactory [DefaultSingletonBeanRegistry.java:225] 
Creating shared instance of singleton bean 'org.springframework.context.event.internalEventListenerProcessor'
2024-10-30 08:23:48,158 DEBUG [main] o.s.b.f.s.DefaultListableBeanFactory [DefaultSingletonBeanRegistry.java:225] 
Creating shared instance of singleton bean 'preserveErrorControllerTargetClassPostProcessor'
2024-10-30 08:23:48,159 DEBUG [main] o.s.b.f.s.DefaultListableBeanFactory [DefaultSingletonBeanRegistry.java:225] 
Creating shared instance of singleton bean 'forceAutoProxyCreatorToUseClassProxying'
2024-10-30 08:23:48,164 DEBUG [main] o.s.b.f.s.DefaultListableBeanFactory [DefaultSingletonBeanRegistry.java:225] 
Creating shared instance of singleton bean 'org.springframework.context.event.internalEventListenerFactory'
2024-10-30 08:23:48,415 DEBUG [main] o.s.b.f.s.DefaultListableBeanFactory [DefaultSingletonBeanRegistry.java:225] 
Creating shared instance of singleton bean 'org.springframework.context.annotation.internalAutowiredAnnotationProcessor'
2024-10-30 08:23:48,419 DEBUG [main] o.s.b.f.s.DefaultListableBeanFactory [DefaultSingletonBeanRegistry.java:225] 
Creating shared instance of singleton bean 'org.springframework.context.annotation.internalCommonAnnotationProcessor'
2024-10-30 08:23:48,425 DEBUG [main] o.s.b.f.s.DefaultListableBeanFactory [DefaultSingletonBeanRegistry.java:225] 
Creating shared instance of singleton bean 'org.springframework.boot.context.properties.ConfigurationPropertiesBindingPostProcessor'
2024-10-30 08:23:48,426 DEBUG [main] o.s.b.f.s.DefaultListableBeanFactory [DefaultSingletonBeanRegistry.java:225] 
Creating shared instance of singleton bean 'org.springframework.boot.context.internalConfigurationPropertiesBinder'
2024-10-30 08:23:48,426 DEBUG [main] o.s.b.f.s.DefaultListableBeanFactory [DefaultSingletonBeanRegistry.java:225] 
Creating shared instance of singleton bean 'org.springframework.boot.context.internalConfigurationPropertiesBinderFactory'
2024-10-30 08:23:48,430 DEBUG [main] o.s.b.f.s.DefaultListableBeanFactory [DefaultSingletonBeanRegistry.java:225] 
Creating shared instance of singleton bean 'annotationActionEndpointMapping'
2024-10-30 08:23:48,430 DEBUG [main] o.s.b.f.s.DefaultListableBeanFactory [DefaultSingletonBeanRegistry.java:225] 
Creating shared instance of singleton bean 'org.springframework.ws.config.annotation.DelegatingWsConfiguration'
2024-10-30 08:23:48,457 INFO [main] o.s.c.s.PostProcessorRegistrationDelegate$BeanPostProcessorChecker [PostProcessorRegistrationDelegate.java:376] 
Bean 'org.springframework.ws.config.annotation.DelegatingWsConfiguration' of type [org.springframework.ws.config.annotation.DelegatingWsConfiguration$$EnhancerBySpringCGLIB$$c00ca2d0] is not eligible for getting processed by all BeanPostProcessors (for example: not eligible for auto-proxying)
2024-10-30 08:23:48,665 INFO [main] o.s.w.s.a.s.AnnotationActionEndpointMapping [AbstractAddressingEndpointMapping.java:239] 
Supporting [WS-Addressing August 2004, WS-Addressing 1.0]
2024-10-30 08:23:48,666 DEBUG [main] o.s.b.f.s.DefaultListableBeanFactory [DefaultSingletonBeanRegistry.java:225] 
Creating shared instance of singleton bean 'org.springframework.aop.config.internalAutoProxyCreator'
2024-10-30 08:23:48,695 DEBUG [main] o.s.b.f.s.DefaultListableBeanFactory [DefaultSingletonBeanRegistry.java:225] 
Creating shared instance of singleton bean 'webServerFactoryCustomizerBeanPostProcessor'
2024-10-30 08:23:48,696 DEBUG [main] o.s.b.f.s.DefaultListableBeanFactory [DefaultSingletonBeanRegistry.java:225] 
Creating shared instance of singleton bean 'errorPageRegistrarBeanPostProcessor'
2024-10-30 08:23:48,701 DEBUG [main] o.s.u.c.s.UiApplicationContextUtils [UiApplicationContextUtils.java:85] 
Unable to locate ThemeSource with name 'themeSource': using default [org.springframework.ui.context.support.ResourceBundleThemeSource@acdcf71]
2024-10-30 08:23:48,702 DEBUG [main] o.s.b.f.s.DefaultListableBeanFactory [DefaultSingletonBeanRegistry.java:225] 
Creating shared instance of singleton bean 'tomcatServletWebServerFactory'
2024-10-30 08:23:48,703 DEBUG [main] o.s.b.f.s.DefaultListableBeanFactory [DefaultSingletonBeanRegistry.java:225] 
Creating shared instance of singleton bean 'org.springframework.boot.autoconfigure.web.servlet.ServletWebServerFactoryConfiguration$EmbeddedTomcat'
2024-10-30 08:23:48,774 DEBUG [main] o.s.b.f.s.DefaultListableBeanFactory [DefaultSingletonBeanRegistry.java:225] 
Creating shared instance of singleton bean 'websocketServletWebServerCustomizer'
2024-10-30 08:23:48,775 DEBUG [main] o.s.b.f.s.DefaultListableBeanFactory [DefaultSingletonBeanRegistry.java:225] 
Creating shared instance of singleton bean 'org.springframework.boot.autoconfigure.websocket.servlet.WebSocketServletAutoConfiguration$TomcatWebSocketConfiguration'
2024-10-30 08:23:49,166 DEBUG [main] o.s.b.f.s.DefaultListableBeanFactory [DefaultSingletonBeanRegistry.java:225] 
Creating shared instance of singleton bean 'servletWebServerFactoryCustomizer'
2024-10-30 08:23:49,166 DEBUG [main] o.s.b.f.s.DefaultListableBeanFactory [DefaultSingletonBeanRegistry.java:225] 
Creating shared instance of singleton bean 'org.springframework.boot.autoconfigure.web.servlet.ServletWebServerFactoryAutoConfiguration'
2024-10-30 08:23:49,174 DEBUG [main] o.s.b.f.s.DefaultListableBeanFactory [DefaultSingletonBeanRegistry.java:225] 
Creating shared instance of singleton bean 'server-org.springframework.boot.autoconfigure.web.ServerProperties'
2024-10-30 08:23:49,187 DEBUG [main] o.s.b.f.s.DefaultListableBeanFactory [DefaultSingletonBeanRegistry.java:225] 
Creating shared instance of singleton bean 'org.springframework.boot.context.properties.BoundConfigurationProperties'
